<?xml version="1.0" encoding="UTF-8"?>
<testng-results total="1" passed="1" failed="0" skipped="0">
  <reporter-output>
  </reporter-output>
  <suite started-at="2022-11-15T13:27:06Z" name="Default suite" finished-at="2022-11-15T13:27:34Z" duration-ms="28384">
    <groups>
    </groups>
    <test started-at="2022-11-15T13:27:06Z" name="Default test" finished-at="2022-11-15T13:27:34Z" duration-ms="28384">
      <class name="DetailValidation.validation">
        <test-method is-config="true" signature="classSetup()[pri:0, instance:DetailValidation.validation@7164ca4c]" started-at="2022-11-15T18:57:06Z" name="classSetup" finished-at="2022-11-15T18:57:18Z" duration-ms="12410" status="PASS">
          <reporter-output>
          </reporter-output>
        </test-method> <!-- classSetup -->
        <test-method signature="verifingDetails()[pri:0, instance:DetailValidation.validation@7164ca4c]" started-at="2022-11-15T18:57:18Z" name="verifingDetails" finished-at="2022-11-15T18:57:34Z" duration-ms="15956" status="PASS">
          <reporter-output>
          </reporter-output>
        </test-method> <!-- verifingDetails -->
        <test-method is-config="true" signature="classTearDown()[pri:0, instance:DetailValidation.validation@7164ca4c]" started-at="2022-11-15T18:57:34Z" name="classTearDown" finished-at="2022-11-15T18:57:34Z" duration-ms="0" status="PASS">
          <reporter-output>
          </reporter-output>
        </test-method> <!-- classTearDown -->
      </class> <!-- DetailValidation.validation -->
    </test> <!-- Default test -->
  </suite> <!-- Default suite -->
</testng-results>
